C:\USERS\NNUR3.GAUL\DOWNLOADS\TOSTUDENTS\TOSTUDENTS\NGRAMSTOSTUDENTS\DEBUG\P2.EXE
C:\USERS\NNUR3.GAUL\DOWNLOADS\TOSTUDENTS\TOSTUDENTS\NGRAMSTOSTUDENTS\DEBUG\P2.ILK
C:\USERS\NNUR3.GAUL\DOWNLOADS\TOSTUDENTS\TOSTUDENTS\NGRAMSTOSTUDENTS\DEBUG\P2.PDB
C:\Users\nnur3.GAUL\Downloads\toStudents\toStudents\NgramsToStudents\P2\Debug\cl.command.1.tlog
C:\Users\nnur3.GAUL\Downloads\toStudents\toStudents\NgramsToStudents\P2\Debug\CL.read.1.tlog
C:\Users\nnur3.GAUL\Downloads\toStudents\toStudents\NgramsToStudents\P2\Debug\CL.write.1.tlog
C:\Users\nnur3.GAUL\Downloads\toStudents\toStudents\NgramsToStudents\P2\Debug\link.10188.read.1.tlog
C:\Users\nnur3.GAUL\Downloads\toStudents\toStudents\NgramsToStudents\P2\Debug\link.10188.write.1.tlog
C:\Users\nnur3.GAUL\Downloads\toStudents\toStudents\NgramsToStudents\P2\Debug\link.10188-cvtres.read.1.tlog
C:\Users\nnur3.GAUL\Downloads\toStudents\toStudents\NgramsToStudents\P2\Debug\link.10188-cvtres.write.1.tlog
C:\Users\nnur3.GAUL\Downloads\toStudents\toStudents\NgramsToStudents\P2\Debug\link.4632.read.1.tlog
C:\Users\nnur3.GAUL\Downloads\toStudents\toStudents\NgramsToStudents\P2\Debug\link.4632.write.1.tlog
C:\Users\nnur3.GAUL\Downloads\toStudents\toStudents\NgramsToStudents\P2\Debug\link.4632-cvtres.read.1.tlog
C:\Users\nnur3.GAUL\Downloads\toStudents\toStudents\NgramsToStudents\P2\Debug\link.4632-cvtres.write.1.tlog
C:\Users\nnur3.GAUL\Downloads\toStudents\toStudents\NgramsToStudents\P2\Debug\link.command.1.tlog
C:\Users\nnur3.GAUL\Downloads\toStudents\toStudents\NgramsToStudents\P2\Debug\link.read.1.tlog
C:\Users\nnur3.GAUL\Downloads\toStudents\toStudents\NgramsToStudents\P2\Debug\link.write.1.tlog
C:\Users\nnur3.GAUL\Downloads\toStudents\toStudents\NgramsToStudents\P2\Debug\link-cvtres.read.1.tlog
C:\Users\nnur3.GAUL\Downloads\toStudents\toStudents\NgramsToStudents\P2\Debug\link-cvtres.write.1.tlog
C:\Users\nnur3.GAUL\Downloads\toStudents\toStudents\NgramsToStudents\P2\Debug\mt.command.1.tlog
C:\Users\nnur3.GAUL\Downloads\toStudents\toStudents\NgramsToStudents\P2\Debug\mt.read.1.tlog
C:\Users\nnur3.GAUL\Downloads\toStudents\toStudents\NgramsToStudents\P2\Debug\mt.write.1.tlog
C:\USERS\NNUR3.GAUL\DOWNLOADS\TOSTUDENTS\TOSTUDENTS\NGRAMSTOSTUDENTS\P2\DEBUG\P2.EXE.EMBED.MANIFEST
C:\USERS\NNUR3.GAUL\DOWNLOADS\TOSTUDENTS\TOSTUDENTS\NGRAMSTOSTUDENTS\P2\DEBUG\P2.EXE.EMBED.MANIFEST.RES
C:\USERS\NNUR3.GAUL\DOWNLOADS\TOSTUDENTS\TOSTUDENTS\NGRAMSTOSTUDENTS\P2\DEBUG\P2.EXE.INTERMEDIATE.MANIFEST
C:\USERS\NNUR3.GAUL\DOWNLOADS\TOSTUDENTS\TOSTUDENTS\NGRAMSTOSTUDENTS\P2\DEBUG\P2.OBJ
C:\Users\nnur3.GAUL\Downloads\toStudents\toStudents\NgramsToStudents\P2\Debug\P2.write.1.tlog
C:\Users\nnur3.GAUL\Downloads\toStudents\toStudents\NgramsToStudents\P2\Debug\P2_manifest.rc
C:\Users\nnur3.GAUL\Downloads\toStudents\toStudents\NgramsToStudents\P2\Debug\rc.command.1.tlog
C:\Users\nnur3.GAUL\Downloads\toStudents\toStudents\NgramsToStudents\P2\Debug\rc.read.1.tlog
C:\Users\nnur3.GAUL\Downloads\toStudents\toStudents\NgramsToStudents\P2\Debug\rc.write.1.tlog
C:\Users\nnur3.GAUL\Downloads\toStudents\toStudents\NgramsToStudents\P2\Debug\vc100.idb
C:\USERS\NNUR3.GAUL\DOWNLOADS\TOSTUDENTS\TOSTUDENTS\NGRAMSTOSTUDENTS\P2\DEBUG\VC100.PDB
