Build started 3/30/2017 10:19:57 PM.
     1>Project "C:\Users\nnur3\Documents\NLP-AI2\NgramsToStudents\P2\P2.vcxproj" on node 2 (build target(s)).
     1>InitializeBuildStatus:
         Creating "Debug\P2.unsuccessfulbuild" because "AlwaysCreate" was specified.
       ClCompile:
         c:\Program Files (x86)\Microsoft Visual Studio 10.0\VC\bin\CL.exe /c /IC:\Users\nnur3\Downloads\toStudents\toStudents\NgramsToStudents\Ngrams /ZI /nologo /W3 /WX- /Od /Oy- /D WIN32 /D _DEBUG /D _CONSOLE /D _UNICODE /D UNICODE /Gm /EHsc /RTC1 /MDd /GS /fp:precise /Zc:wchar_t /Zc:forScope /Fo"Debug\\" /Fd"Debug\vc100.pdb" /Gd /TP /analyze- /errorReport:prompt p2.cpp
         p2.cpp
     1>c:\users\nnur3\documents\nlp-ai2\ngramstostudents\p2\p2.cpp(19): warning C4018: '<=' : signed/unsigned mismatch
     1>c:\users\nnur3\documents\nlp-ai2\ngramstostudents\p2\p2.cpp(23): warning C4018: '<' : signed/unsigned mismatch
     1>c:\users\nnur3\documents\nlp-ai2\ngramstostudents\p2\p2.cpp(62): warning C4244: 'initializing' : conversion from 'double' to 'float', possible loss of data
       ManifestResourceCompile:
         C:\Program Files (x86)\Microsoft SDKs\Windows\v7.0A\bin\rc.exe /nologo /fo"Debug\P2.exe.embed.manifest.res" Debug\P2_manifest.rc 
       Link:
         c:\Program Files (x86)\Microsoft Visual Studio 10.0\VC\bin\link.exe /ERRORREPORT:PROMPT /OUT:"C:\Users\nnur3\Documents\NLP-AI2\NgramsToStudents\Debug\P2.exe" /INCREMENTAL /NOLOGO kernel32.lib user32.lib gdi32.lib winspool.lib comdlg32.lib advapi32.lib shell32.lib ole32.lib oleaut32.lib uuid.lib odbc32.lib odbccp32.lib /MANIFEST /ManifestFile:"Debug\P2.exe.intermediate.manifest" /MANIFESTUAC:"level='asInvoker' uiAccess='false'" /DEBUG /PDB:"C:\Users\nnur3\Documents\NLP-AI2\NgramsToStudents\Debug\P2.pdb" /SUBSYSTEM:CONSOLE /TLBID:1 /DYNAMICBASE /NXCOMPAT /IMPLIB:"C:\Users\nnur3\Documents\NLP-AI2\NgramsToStudents\Debug\P2.lib" /MACHINE:X86 Debug\P2.exe.embed.manifest.res
         Debug\p2.obj
         LINK : C:\Users\nnur3\Documents\NLP-AI2\NgramsToStudents\Debug\P2.exe not found or not built by the last incremental link; performing full link
       Manifest:
         C:\Program Files (x86)\Microsoft SDKs\Windows\v7.0A\bin\mt.exe /nologo /verbose /out:"Debug\P2.exe.embed.manifest" /manifest Debug\P2.exe.intermediate.manifest
         All outputs are up-to-date.
       LinkEmbedManifest:
         All outputs are up-to-date.
         P2.vcxproj -> C:\Users\nnur3\Documents\NLP-AI2\NgramsToStudents\Debug\P2.exe
       FinalizeBuildStatus:
         Deleting file "Debug\P2.unsuccessfulbuild".
         Touching "Debug\P2.lastbuildstate".
     1>Done Building Project "C:\Users\nnur3\Documents\NLP-AI2\NgramsToStudents\P2\P2.vcxproj" (build target(s)).

Build succeeded.

Time Elapsed 00:00:05.06
