  p7.cpp
p7.cpp(19): warning C4018: '<': signed/unsigned mismatch
p7.cpp(27): warning C4018: '<': signed/unsigned mismatch
p7.cpp(47): warning C4018: '<': signed/unsigned mismatch
p7.cpp(55): warning C4018: '<': signed/unsigned mismatch
p7.cpp(60): warning C4018: '<': signed/unsigned mismatch
p7.cpp(84): warning C4018: '<=': signed/unsigned mismatch
p7.cpp(88): warning C4018: '<': signed/unsigned mismatch
p7.cpp(108): warning C4018: '<=': signed/unsigned mismatch
p7.cpp(111): warning C4018: '<': signed/unsigned mismatch
p7.cpp(147): warning C4018: '<': signed/unsigned mismatch
p7.cpp(173): warning C4018: '<': signed/unsigned mismatch
p7.cpp(206): warning C4018: '<': signed/unsigned mismatch
p7.cpp(215): warning C4018: '<': signed/unsigned mismatch
  Generating code
  1 of 1713 functions ( 0.1%) were compiled, the rest were copied from previous compilation.
    0 functions were new in current compilation
    5 functions had inline decision re-evaluated but remain unchanged
  Finished generating code
  P7.vcxproj -> C:\Users\Naila Nur\dev\NLP-AI2\NgramsToStudents\Release\P7.exe
