  p6.cpp
p6.cpp(22): warning C4018: '<=': signed/unsigned mismatch
p6.cpp(26): warning C4018: '<': signed/unsigned mismatch
p6.cpp(45): warning C4018: '<=': signed/unsigned mismatch
p6.cpp(48): warning C4018: '<': signed/unsigned mismatch
p6.cpp(61): warning C4018: '<': signed/unsigned mismatch
p6.cpp(72): warning C4244: 'initializing': conversion from 'double' to 'int', possible loss of data
p6.cpp(114): warning C4018: '<': signed/unsigned mismatch
p6.cpp(136): warning C4018: '<': signed/unsigned mismatch
p6.cpp(166): warning C4018: '<': signed/unsigned mismatch
p6.cpp(172): warning C4018: '<': signed/unsigned mismatch
p6.cpp(175): warning C4018: '<': signed/unsigned mismatch
p6.cpp(224): warning C4018: '<': signed/unsigned mismatch
p6.cpp(250): warning C4018: '<': signed/unsigned mismatch
  Generating code
  2 of 2462 functions ( 0.1%) were compiled, the rest were copied from previous compilation.
    0 functions were new in current compilation
    7 functions had inline decision re-evaluated but remain unchanged
  Finished generating code
  P6.vcxproj -> C:\Users\Naila Nur\dev\NLP-AI2\NgramsToStudents\Release\P6.exe
