c:\users\nnur3\documents\nlp-ai2\ngramstostudents\p3\debug\vc100.pdb
c:\users\nnur3\documents\nlp-ai2\ngramstostudents\p3\debug\p3.obj
c:\users\nnur3\documents\nlp-ai2\ngramstostudents\debug\p3.ilk
c:\users\nnur3\documents\nlp-ai2\ngramstostudents\debug\p3.exe
c:\users\nnur3\documents\nlp-ai2\ngramstostudents\p3\debug\p3.exe.intermediate.manifest
c:\users\nnur3\documents\nlp-ai2\ngramstostudents\debug\p3.pdb
c:\users\nnur3\documents\nlp-ai2\ngramstostudents\p3\debug\p3.exe.embed.manifest
c:\users\nnur3\documents\nlp-ai2\ngramstostudents\p3\debug\p3.exe.embed.manifest.res
c:\users\naila nur\dev\nlp-ai2\ngramstostudents\p3\debug\p3.vcxprojresolveassemblyreference.cache
c:\users\naila nur\dev\nlp-ai2\ngramstostudents\p3\debug\p3.obj
c:\users\naila nur\dev\nlp-ai2\ngramstostudents\p3\debug\cl.command.1.tlog
c:\users\naila nur\dev\nlp-ai2\ngramstostudents\p3\debug\cl.read.1.tlog
c:\users\naila nur\dev\nlp-ai2\ngramstostudents\p3\debug\cl.write.1.tlog
c:\users\naila nur\dev\nlp-ai2\ngramstostudents\p3\debug\link-cvtres.read.1.tlog
c:\users\naila nur\dev\nlp-ai2\ngramstostudents\p3\debug\link-cvtres.write.1.tlog
c:\users\naila nur\dev\nlp-ai2\ngramstostudents\p3\debug\link.1288-cvtres.read.1.tlog
c:\users\naila nur\dev\nlp-ai2\ngramstostudents\p3\debug\link.1288-cvtres.write.1.tlog
c:\users\naila nur\dev\nlp-ai2\ngramstostudents\p3\debug\link.1288.read.1.tlog
c:\users\naila nur\dev\nlp-ai2\ngramstostudents\p3\debug\link.1288.write.1.tlog
c:\users\naila nur\dev\nlp-ai2\ngramstostudents\p3\debug\link.6304-cvtres.read.1.tlog
c:\users\naila nur\dev\nlp-ai2\ngramstostudents\p3\debug\link.6304-cvtres.write.1.tlog
c:\users\naila nur\dev\nlp-ai2\ngramstostudents\p3\debug\link.6304.read.1.tlog
c:\users\naila nur\dev\nlp-ai2\ngramstostudents\p3\debug\link.6304.write.1.tlog
c:\users\naila nur\dev\nlp-ai2\ngramstostudents\p3\debug\link.6824-cvtres.read.1.tlog
c:\users\naila nur\dev\nlp-ai2\ngramstostudents\p3\debug\link.6824-cvtres.write.1.tlog
c:\users\naila nur\dev\nlp-ai2\ngramstostudents\p3\debug\link.6824.read.1.tlog
c:\users\naila nur\dev\nlp-ai2\ngramstostudents\p3\debug\link.6824.write.1.tlog
c:\users\naila nur\dev\nlp-ai2\ngramstostudents\p3\debug\link.7480-cvtres.read.1.tlog
c:\users\naila nur\dev\nlp-ai2\ngramstostudents\p3\debug\link.7480-cvtres.write.1.tlog
c:\users\naila nur\dev\nlp-ai2\ngramstostudents\p3\debug\link.7480.read.1.tlog
c:\users\naila nur\dev\nlp-ai2\ngramstostudents\p3\debug\link.7480.write.1.tlog
c:\users\naila nur\dev\nlp-ai2\ngramstostudents\p3\debug\link.7520-cvtres.read.1.tlog
c:\users\naila nur\dev\nlp-ai2\ngramstostudents\p3\debug\link.7520-cvtres.write.1.tlog
c:\users\naila nur\dev\nlp-ai2\ngramstostudents\p3\debug\link.7520.read.1.tlog
c:\users\naila nur\dev\nlp-ai2\ngramstostudents\p3\debug\link.7520.write.1.tlog
c:\users\naila nur\dev\nlp-ai2\ngramstostudents\p3\debug\link.7984-cvtres.read.1.tlog
c:\users\naila nur\dev\nlp-ai2\ngramstostudents\p3\debug\link.7984-cvtres.write.1.tlog
c:\users\naila nur\dev\nlp-ai2\ngramstostudents\p3\debug\link.7984.read.1.tlog
c:\users\naila nur\dev\nlp-ai2\ngramstostudents\p3\debug\link.7984.write.1.tlog
c:\users\naila nur\dev\nlp-ai2\ngramstostudents\p3\debug\link.7996-cvtres.read.1.tlog
c:\users\naila nur\dev\nlp-ai2\ngramstostudents\p3\debug\link.7996-cvtres.write.1.tlog
c:\users\naila nur\dev\nlp-ai2\ngramstostudents\p3\debug\link.7996.read.1.tlog
c:\users\naila nur\dev\nlp-ai2\ngramstostudents\p3\debug\link.7996.write.1.tlog
c:\users\naila nur\dev\nlp-ai2\ngramstostudents\p3\debug\link.8800-cvtres.read.1.tlog
c:\users\naila nur\dev\nlp-ai2\ngramstostudents\p3\debug\link.8800-cvtres.write.1.tlog
c:\users\naila nur\dev\nlp-ai2\ngramstostudents\p3\debug\link.8800.read.1.tlog
c:\users\naila nur\dev\nlp-ai2\ngramstostudents\p3\debug\link.8800.write.1.tlog
c:\users\naila nur\dev\nlp-ai2\ngramstostudents\p3\debug\link.command.1.tlog
c:\users\naila nur\dev\nlp-ai2\ngramstostudents\p3\debug\link.read.1.tlog
c:\users\naila nur\dev\nlp-ai2\ngramstostudents\p3\debug\link.write.1.tlog
c:\users\naila nur\dev\nlp-ai2\ngramstostudents\p3\debug\mt.command.1.tlog
c:\users\naila nur\dev\nlp-ai2\ngramstostudents\p3\debug\mt.read.1.tlog
c:\users\naila nur\dev\nlp-ai2\ngramstostudents\p3\debug\mt.write.1.tlog
c:\users\naila nur\dev\nlp-ai2\ngramstostudents\p3\debug\p3.write.1.tlog
c:\users\naila nur\dev\nlp-ai2\ngramstostudents\p3\debug\rc.command.1.tlog
c:\users\naila nur\dev\nlp-ai2\ngramstostudents\p3\debug\rc.read.1.tlog
c:\users\naila nur\dev\nlp-ai2\ngramstostudents\p3\debug\rc.write.1.tlog
c:\users\naila nur\dev\nlp-ai2\ngramstostudents\p3\debug\p3.exe.embed.manifest
c:\users\naila nur\dev\nlp-ai2\ngramstostudents\p3\debug\p3.exe.intermediate.manifest
c:\users\naila nur\dev\nlp-ai2\ngramstostudents\p3\debug\p3.exe.embed.manifest.res
c:\users\naila nur\dev\nlp-ai2\ngramstostudents\p3\debug\vc100.idb
c:\users\naila nur\dev\nlp-ai2\ngramstostudents\p3\debug\vc100.pdb
c:\users\naila nur\dev\nlp-ai2\ngramstostudents\p3\debug\p3_manifest.rc
c:\users\naila nur\dev\nlp-ai2\ngramstostudents\debug\p3.pdb
c:\users\naila nur\dev\nlp-ai2\ngramstostudents\debug\p3.exe
c:\users\naila nur\dev\nlp-ai2\ngramstostudents\debug\p3.ilk
