Build started 3/30/2017 10:56:05 PM.
     1>Project "C:\Users\nnur3\Documents\NLP-AI2\NgramsToStudents\P3\P3.vcxproj" on node 2 (build target(s)).
     1>InitializeBuildStatus:
         Creating "Debug\P3.unsuccessfulbuild" because "AlwaysCreate" was specified.
       ClCompile:
         c:\Program Files (x86)\Microsoft Visual Studio 10.0\VC\bin\CL.exe /c /ZI /nologo /W3 /WX- /Od /Oy- /D WIN32 /D _DEBUG /D _CONSOLE /D _UNICODE /D UNICODE /Gm /EHsc /RTC1 /MDd /GS /fp:precise /Zc:wchar_t /Zc:forScope /Fo"Debug\\" /Fd"Debug\vc100.pdb" /Gd /TP /analyze- /errorReport:prompt p3.cpp
         p3.cpp
     1>c:\users\nnur3\documents\nlp-ai2\ngramstostudents\p3\p3.cpp(20): warning C4018: '<=' : signed/unsigned mismatch
     1>c:\users\nnur3\documents\nlp-ai2\ngramstostudents\p3\p3.cpp(24): warning C4018: '<' : signed/unsigned mismatch
     1>c:\users\nnur3\documents\nlp-ai2\ngramstostudents\p3\p3.cpp(82): warning C4715: 'p3' : not all control paths return a value
       ManifestResourceCompile:
         All outputs are up-to-date.
       Link:
         c:\Program Files (x86)\Microsoft Visual Studio 10.0\VC\bin\link.exe /ERRORREPORT:PROMPT /OUT:"C:\Users\nnur3\Documents\NLP-AI2\NgramsToStudents\Debug\P3.exe" /INCREMENTAL /NOLOGO kernel32.lib user32.lib gdi32.lib winspool.lib comdlg32.lib advapi32.lib shell32.lib ole32.lib oleaut32.lib uuid.lib odbc32.lib odbccp32.lib /MANIFEST /ManifestFile:"Debug\P3.exe.intermediate.manifest" /MANIFESTUAC:"level='asInvoker' uiAccess='false'" /DEBUG /PDB:"C:\Users\nnur3\Documents\NLP-AI2\NgramsToStudents\Debug\P3.pdb" /SUBSYSTEM:CONSOLE /TLBID:1 /DYNAMICBASE /NXCOMPAT /IMPLIB:"C:\Users\nnur3\Documents\NLP-AI2\NgramsToStudents\Debug\P3.lib" /MACHINE:X86 Debug\P3.exe.embed.manifest.res
         Debug\p3.obj
       Manifest:
         C:\Program Files (x86)\Microsoft SDKs\Windows\v7.0A\bin\mt.exe /nologo /verbose /out:"Debug\P3.exe.embed.manifest" /manifest Debug\P3.exe.intermediate.manifest
         All outputs are up-to-date.
       LinkEmbedManifest:
         All outputs are up-to-date.
         P3.vcxproj -> C:\Users\nnur3\Documents\NLP-AI2\NgramsToStudents\Debug\P3.exe
       FinalizeBuildStatus:
         Deleting file "Debug\P3.unsuccessfulbuild".
         Touching "Debug\P3.lastbuildstate".
     1>Done Building Project "C:\Users\nnur3\Documents\NLP-AI2\NgramsToStudents\P3\P3.vcxproj" (build target(s)).

Build succeeded.

Time Elapsed 00:00:02.23
