C:\Users\nnur3.GAUL\Downloads\toStudents\toStudents\NgramsToStudents\Debug\P1.exe
C:\Users\nnur3.GAUL\Downloads\toStudents\toStudents\NgramsToStudents\Debug\P1.ilk
C:\Users\nnur3.GAUL\Downloads\toStudents\toStudents\NgramsToStudents\Debug\P1.pdb
C:\Users\nnur3.GAUL\Downloads\toStudents\toStudents\NgramsToStudents\P1\Debug\cl.command.1.tlog
C:\Users\nnur3.GAUL\Downloads\toStudents\toStudents\NgramsToStudents\P1\Debug\CL.read.1.tlog
C:\Users\nnur3.GAUL\Downloads\toStudents\toStudents\NgramsToStudents\P1\Debug\CL.write.1.tlog
C:\Users\nnur3.GAUL\Downloads\toStudents\toStudents\NgramsToStudents\P1\Debug\link.8580.read.1.tlog
C:\Users\nnur3.GAUL\Downloads\toStudents\toStudents\NgramsToStudents\P1\Debug\link.8580.write.1.tlog
C:\Users\nnur3.GAUL\Downloads\toStudents\toStudents\NgramsToStudents\P1\Debug\link.8580-cvtres.read.1.tlog
C:\Users\nnur3.GAUL\Downloads\toStudents\toStudents\NgramsToStudents\P1\Debug\link.8580-cvtres.write.1.tlog
C:\Users\nnur3.GAUL\Downloads\toStudents\toStudents\NgramsToStudents\P1\Debug\link.command.1.tlog
C:\Users\nnur3.GAUL\Downloads\toStudents\toStudents\NgramsToStudents\P1\Debug\link.read.1.tlog
C:\Users\nnur3.GAUL\Downloads\toStudents\toStudents\NgramsToStudents\P1\Debug\link.write.1.tlog
C:\Users\nnur3.GAUL\Downloads\toStudents\toStudents\NgramsToStudents\P1\Debug\link-cvtres.read.1.tlog
C:\Users\nnur3.GAUL\Downloads\toStudents\toStudents\NgramsToStudents\P1\Debug\link-cvtres.write.1.tlog
C:\Users\nnur3.GAUL\Downloads\toStudents\toStudents\NgramsToStudents\P1\Debug\mt.command.1.tlog
C:\Users\nnur3.GAUL\Downloads\toStudents\toStudents\NgramsToStudents\P1\Debug\mt.read.1.tlog
C:\Users\nnur3.GAUL\Downloads\toStudents\toStudents\NgramsToStudents\P1\Debug\mt.write.1.tlog
C:\Users\nnur3.GAUL\Downloads\toStudents\toStudents\NgramsToStudents\P1\Debug\P1.exe.embed.manifest
C:\Users\nnur3.GAUL\Downloads\toStudents\toStudents\NgramsToStudents\P1\Debug\P1.exe.embed.manifest.res
C:\Users\nnur3.GAUL\Downloads\toStudents\toStudents\NgramsToStudents\P1\Debug\P1.exe.intermediate.manifest
C:\Users\nnur3.GAUL\Downloads\toStudents\toStudents\NgramsToStudents\P1\Debug\P1.write.1.tlog
C:\Users\nnur3.GAUL\Downloads\toStudents\toStudents\NgramsToStudents\P1\Debug\P1_manifest.rc
C:\Users\nnur3.GAUL\Downloads\toStudents\toStudents\NgramsToStudents\P1\Debug\rc.command.1.tlog
C:\Users\nnur3.GAUL\Downloads\toStudents\toStudents\NgramsToStudents\P1\Debug\rc.read.1.tlog
C:\Users\nnur3.GAUL\Downloads\toStudents\toStudents\NgramsToStudents\P1\Debug\rc.write.1.tlog
C:\Users\nnur3.GAUL\Downloads\toStudents\toStudents\NgramsToStudents\P1\Debug\vc100.idb
C:\USERS\NNUR3.GAUL\DOWNLOADS\TOSTUDENTS\TOSTUDENTS\NGRAMSTOSTUDENTS\P1\DEBUG\VC100.PDB
C:\USERS\NNUR3\DOWNLOADS\TOSTUDENTS\TOSTUDENTS\NGRAMSTOSTUDENTS\DEBUG\P1.EXE
C:\USERS\NNUR3\DOWNLOADS\TOSTUDENTS\TOSTUDENTS\NGRAMSTOSTUDENTS\DEBUG\P1.ILK
C:\USERS\NNUR3\DOWNLOADS\TOSTUDENTS\TOSTUDENTS\NGRAMSTOSTUDENTS\DEBUG\P1.PDB
C:\USERS\NNUR3\DOWNLOADS\TOSTUDENTS\TOSTUDENTS\NGRAMSTOSTUDENTS\P1\DEBUG\P1.EXE.EMBED.MANIFEST
C:\USERS\NNUR3\DOWNLOADS\TOSTUDENTS\TOSTUDENTS\NGRAMSTOSTUDENTS\P1\DEBUG\P1.EXE.EMBED.MANIFEST.RES
C:\USERS\NNUR3\DOWNLOADS\TOSTUDENTS\TOSTUDENTS\NGRAMSTOSTUDENTS\P1\DEBUG\P1.EXE.INTERMEDIATE.MANIFEST
C:\USERS\NNUR3\DOWNLOADS\TOSTUDENTS\TOSTUDENTS\NGRAMSTOSTUDENTS\P1\DEBUG\P1.OBJ
C:\USERS\NNUR3\DOWNLOADS\TOSTUDENTS\TOSTUDENTS\NGRAMSTOSTUDENTS\P1\DEBUG\VC100.PDB
