Build started 3/30/2017 10:19:57 PM.
     1>Project "C:\Users\nnur3\Documents\NLP-AI2\NgramsToStudents\P1\P1.vcxproj" on node 3 (build target(s)).
     1>InitializeBuildStatus:
         Creating "Debug\P1.unsuccessfulbuild" because "AlwaysCreate" was specified.
       ClCompile:
         c:\Program Files (x86)\Microsoft Visual Studio 10.0\VC\bin\CL.exe /c /IC:\Users\nnur3\Downloads\toStudents\toStudents\NgramsToStudents\Ngrams /ZI /nologo /W3 /WX- /Od /Oy- /D WIN32 /D _DEBUG /D _CONSOLE /D _UNICODE /D UNICODE /Gm /EHsc /RTC1 /MDd /GS /fp:precise /Zc:wchar_t /Zc:forScope /Fo"Debug\\" /Fd"Debug\vc100.pdb" /Gd /TP /analyze- /errorReport:prompt p1.cpp
         p1.cpp
     1>c:\users\nnur3\documents\nlp-ai2\ngramstostudents\p1\p1.cpp(44): warning C4018: '<' : signed/unsigned mismatch
       ManifestResourceCompile:
         C:\Program Files (x86)\Microsoft SDKs\Windows\v7.0A\bin\rc.exe /nologo /fo"Debug\P1.exe.embed.manifest.res" Debug\P1_manifest.rc 
       Link:
         c:\Program Files (x86)\Microsoft Visual Studio 10.0\VC\bin\link.exe /ERRORREPORT:PROMPT /OUT:"C:\Users\nnur3\Documents\NLP-AI2\NgramsToStudents\Debug\P1.exe" /INCREMENTAL /NOLOGO kernel32.lib user32.lib gdi32.lib winspool.lib comdlg32.lib advapi32.lib shell32.lib ole32.lib oleaut32.lib uuid.lib odbc32.lib odbccp32.lib /MANIFEST /ManifestFile:"Debug\P1.exe.intermediate.manifest" /MANIFESTUAC:"level='asInvoker' uiAccess='false'" /DEBUG /PDB:"C:\Users\nnur3\Documents\NLP-AI2\NgramsToStudents\Debug\P1.pdb" /SUBSYSTEM:CONSOLE /TLBID:1 /DYNAMICBASE /NXCOMPAT /IMPLIB:"C:\Users\nnur3\Documents\NLP-AI2\NgramsToStudents\Debug\P1.lib" /MACHINE:X86 Debug\P1.exe.embed.manifest.res
         Debug\p1.obj
         LINK : C:\Users\nnur3\Documents\NLP-AI2\NgramsToStudents\Debug\P1.exe not found or not built by the last incremental link; performing full link
       Manifest:
         C:\Program Files (x86)\Microsoft SDKs\Windows\v7.0A\bin\mt.exe /nologo /verbose /out:"Debug\P1.exe.embed.manifest" /manifest Debug\P1.exe.intermediate.manifest
         All outputs are up-to-date.
       LinkEmbedManifest:
         All outputs are up-to-date.
         P1.vcxproj -> C:\Users\nnur3\Documents\NLP-AI2\NgramsToStudents\Debug\P1.exe
       FinalizeBuildStatus:
         Deleting file "Debug\P1.unsuccessfulbuild".
         Touching "Debug\P1.lastbuildstate".
     1>Done Building Project "C:\Users\nnur3\Documents\NLP-AI2\NgramsToStudents\P1\P1.vcxproj" (build target(s)).

Build succeeded.

Time Elapsed 00:00:04.24
