Build started 3/30/2017 10:52:01 PM.
     1>Project "C:\Users\nnur3\Documents\NLP-AI2\NgramsToStudents\Ngrams\Ngrams.vcxproj" on node 2 (build target(s)).
     1>InitializeBuildStatus:
         Creating "Debug\Ngrams.unsuccessfulbuild" because "AlwaysCreate" was specified.
       ClCompile:
         c:\Program Files (x86)\Microsoft Visual Studio 10.0\VC\bin\CL.exe /c /ZI /nologo /W3 /WX- /Od /Oy- /D WIN32 /D _DEBUG /D _CONSOLE /D _UNICODE /D UNICODE /Gm /EHsc /RTC1 /MDd /GS /fp:precise /Zc:wchar_t /Zc:forScope /Fo"Debug\\" /Fd"Debug\vc100.pdb" /Gd /TP /analyze- /errorReport:prompt test.cpp
         test.cpp
     1>c:\users\nnur3\documents\nlp-ai2\ngramstostudents\ngrams\utilstostudents.h(13): warning C4244: 'initializing' : conversion from 'double' to 'int', possible loss of data
     1>c:\users\nnur3\documents\nlp-ai2\ngramstostudents\ngrams\test.cpp(61): warning C4018: '<=' : signed/unsigned mismatch
       Link:
         c:\Program Files (x86)\Microsoft Visual Studio 10.0\VC\bin\link.exe /ERRORREPORT:PROMPT /OUT:"C:\Users\nnur3\Documents\NLP-AI2\NgramsToStudents\Debug\Ngrams.exe" /INCREMENTAL:NO /NOLOGO kernel32.lib user32.lib gdi32.lib winspool.lib comdlg32.lib advapi32.lib shell32.lib ole32.lib oleaut32.lib uuid.lib odbc32.lib odbccp32.lib /MANIFEST /ManifestFile:"Debug\Ngrams.exe.intermediate.manifest" /MANIFESTUAC:"level='asInvoker' uiAccess='false'" /DEBUG /PDB:"C:\Users\nnur3\Documents\NLP-AI2\NgramsToStudents\Debug\Ngrams.pdb" /SUBSYSTEM:CONSOLE /TLBID:1 /DYNAMICBASE /NXCOMPAT /IMPLIB:"C:\Users\nnur3\Documents\NLP-AI2\NgramsToStudents\Debug\Ngrams.lib" /MACHINE:X86 Debug\fileRead.obj
         Debug\test.obj
     1>fileRead.obj : warning LNK4075: ignoring '/EDITANDCONTINUE' due to '/INCREMENTAL:NO' specification
         Ngrams.vcxproj -> C:\Users\nnur3\Documents\NLP-AI2\NgramsToStudents\Debug\Ngrams.exe
       Manifest:
         C:\Program Files (x86)\Microsoft SDKs\Windows\v7.0A\bin\mt.exe /nologo /verbose /outputresource:"C:\Users\nnur3\Documents\NLP-AI2\NgramsToStudents\Debug\Ngrams.exe;#1" /manifest Debug\Ngrams.exe.intermediate.manifest
       FinalizeBuildStatus:
         Deleting file "Debug\Ngrams.unsuccessfulbuild".
         Touching "Debug\Ngrams.lastbuildstate".
     1>Done Building Project "C:\Users\nnur3\Documents\NLP-AI2\NgramsToStudents\Ngrams\Ngrams.vcxproj" (build target(s)).

Build succeeded.

Time Elapsed 00:00:03.46
