c:\users\nnur3.gaul\downloads\tostudents\tostudents\ngramstostudents\ngrams\debug\fileread.obj
c:\users\nnur3.gaul\downloads\tostudents\tostudents\ngramstostudents\ngrams\debug\test.obj
c:\users\nnur3.gaul\downloads\tostudents\tostudents\ngramstostudents\ngrams\debug\vc100.pdb
c:\users\nnur3\documents\nlp-ai2\ngramstostudents\ngrams\debug\fileread.obj
c:\users\nnur3\documents\nlp-ai2\ngramstostudents\ngrams\debug\test.obj
c:\users\nnur3\documents\nlp-ai2\ngramstostudents\ngrams\debug\vc100.pdb
c:\users\nnur3.gaul\downloads\tostudents\tostudents\ngramstostudents\debug\ngrams.exe
c:\users\nnur3.gaul\downloads\tostudents\tostudents\ngramstostudents\ngrams\debug\ngrams.exe.intermediate.manifest
c:\users\nnur3.gaul\downloads\tostudents\tostudents\ngramstostudents\debug\ngrams.pdb
c:\users\nnur3\documents\nlp-ai2\ngramstostudents\debug\ngrams.exe
c:\users\nnur3\documents\nlp-ai2\ngramstostudents\ngrams\debug\ngrams.exe.intermediate.manifest
c:\users\nnur3\documents\nlp-ai2\ngramstostudents\debug\ngrams.pdb
c:\users\naila nur\dev\nlp-ai2\ngramstostudents\ngrams\debug\ngrams.vcxprojresolveassemblyreference.cache
c:\users\naila nur\dev\nlp-ai2\ngramstostudents\ngrams\debug\fileread.obj
c:\users\naila nur\dev\nlp-ai2\ngramstostudents\ngrams\debug\test.obj
c:\users\naila nur\dev\nlp-ai2\ngramstostudents\ngrams\debug\cl.command.1.tlog
c:\users\naila nur\dev\nlp-ai2\ngramstostudents\ngrams\debug\cl.read.1.tlog
c:\users\naila nur\dev\nlp-ai2\ngramstostudents\ngrams\debug\cl.write.1.tlog
c:\users\naila nur\dev\nlp-ai2\ngramstostudents\ngrams\debug\link.command.1.tlog
c:\users\naila nur\dev\nlp-ai2\ngramstostudents\ngrams\debug\link.read.1.tlog
c:\users\naila nur\dev\nlp-ai2\ngramstostudents\ngrams\debug\link.write.1.tlog
c:\users\naila nur\dev\nlp-ai2\ngramstostudents\ngrams\debug\mt.command.1.tlog
c:\users\naila nur\dev\nlp-ai2\ngramstostudents\ngrams\debug\mt.read.1.tlog
c:\users\naila nur\dev\nlp-ai2\ngramstostudents\ngrams\debug\mt.write.1.tlog
c:\users\naila nur\dev\nlp-ai2\ngramstostudents\ngrams\debug\ngrams.write.1.tlog
c:\users\naila nur\dev\nlp-ai2\ngramstostudents\ngrams\debug\ngrams.exe.intermediate.manifest
c:\users\naila nur\dev\nlp-ai2\ngramstostudents\ngrams\debug\vc100.idb
c:\users\naila nur\dev\nlp-ai2\ngramstostudents\ngrams\debug\vc100.pdb
c:\users\naila nur\dev\nlp-ai2\ngramstostudents\debug\ngrams.pdb
c:\users\naila nur\dev\nlp-ai2\ngramstostudents\debug\ngrams.exe
